<?xml version="1.0" encoding="UTF-8"?>
  <testsuites tests="3" disabled="0" errors="0" failures="0" time="0.011546">
      <testsuite name="examples/blog/v1" package="/Users/adam/Documents/Projects/github.com/crewlinker/protamo/examples/blog/v1" tests="3" disabled="0" skipped="0" errors="0" failures="0" time="0.011546" timestamp="2023-07-26T07:13:57">
          <properties>
              <property name="SuiteSucceeded" value="true"></property>
              <property name="SuiteHasProgrammaticFocus" value="false"></property>
              <property name="SpecialSuiteFailureReason" value=""></property>
              <property name="SuiteLabels" value="[]"></property>
              <property name="RandomSeed" value="1690348437"></property>
              <property name="RandomizeAllSpecs" value="true"></property>
              <property name="LabelFilter" value=""></property>
              <property name="FocusStrings" value=""></property>
              <property name="SkipStrings" value=""></property>
              <property name="FocusFiles" value=""></property>
              <property name="SkipFiles" value=""></property>
              <property name="FailOnPending" value="true"></property>
              <property name="FailFast" value="false"></property>
              <property name="FlakeAttempts" value="0"></property>
              <property name="DryRun" value="false"></property>
              <property name="ParallelTotal" value="7"></property>
              <property name="OutputInterceptorMode" value=""></property>
          </properties>
          <testcase name="[It] encoding (with json tag key) all values" classname="examples/blog/v1" status="passed" time="0.00164425">
              <system-err>&gt; Enter [It] all values - /Users/adam/Documents/Projects/github.com/crewlinker/protamo/examples/blog/v1/blog_test.go:56 @ 07/26/23 07:13:57.47&#xA;&lt; Exit [It] all values - /Users/adam/Documents/Projects/github.com/crewlinker/protamo/examples/blog/v1/blog_test.go:56 @ 07/26/23 07:13:57.471 (1ms)&#xA;</system-err>
          </testcase>
          <testcase name="[It] encoding (with json tag key) just scalar field" classname="examples/blog/v1" status="passed" time="0.000948792">
              <system-err>&gt; Enter [It] just scalar field - /Users/adam/Documents/Projects/github.com/crewlinker/protamo/examples/blog/v1/blog_test.go:52 @ 07/26/23 07:13:57.472&#xA;&lt; Exit [It] just scalar field - /Users/adam/Documents/Projects/github.com/crewlinker/protamo/examples/blog/v1/blog_test.go:52 @ 07/26/23 07:13:57.472 (0s)&#xA;</system-err>
          </testcase>
          <testcase name="[It] encoding (with json tag key) zero value" classname="examples/blog/v1" status="passed" time="0.0004395">
              <system-err>&gt; Enter [It] zero value - /Users/adam/Documents/Projects/github.com/crewlinker/protamo/examples/blog/v1/blog_test.go:50 @ 07/26/23 07:13:57.472&#xA;&lt; Exit [It] zero value - /Users/adam/Documents/Projects/github.com/crewlinker/protamo/examples/blog/v1/blog_test.go:50 @ 07/26/23 07:13:57.473 (0s)&#xA;</system-err>
          </testcase>
      </testsuite>
  </testsuites>